2015-06-16T21:10:34.021196+00:00 app[web.1]: I, [2015-06-16T21:10:34.021094 #3]  INFO -- : worker=0 spawning...
2015-06-16T21:10:34.029918+00:00 app[web.1]: I, [2015-06-16T21:10:34.029713 #3]  INFO -- : master process ready
2015-06-16T21:10:34.020996+00:00 app[web.1]: I, [2015-06-16T21:10:34.020830 #3]  INFO -- : listening on addr=0.0.0.0:21501 fd=9
2015-06-16T21:10:34.031667+00:00 app[web.1]: I, [2015-06-16T21:10:34.031434 #6]  INFO -- : worker=0 spawned pid=6
2015-06-16T21:10:34.031833+00:00 app[web.1]: I, [2015-06-16T21:10:34.031749 #6]  INFO -- : Refreshing Gem list
2015-06-16T21:10:35.985158+00:00 app[web.1]: Google::APIClient - Please provide :application_name and :application_version when initializing the client
2015-06-16T21:10:36.119013+00:00 app[web.1]: DEPRECATION WARNING: You have Rails 2.3-style plugins in vendor/plugins! Support for these plugins will be removed in Rails 4.0. Move them out and bundle them in your Gemfile, or fold them in to your app as lib/myplugin/* and config/initializers/myplugin.rb. See the release notes for more on this: http://weblog.rubyonrails.org/2012/1/4/rails-3-2-0-rc2-has-been-released. (called from <top (required)> at /app/config/environment.rb:5)
2015-06-16T21:10:36.118678+00:00 app[web.1]: DEPRECATION WARNING: You have Rails 2.3-style plugins in vendor/plugins! Support for these plugins will be removed in Rails 4.0. Move them out and bundle them in your Gemfile, or fold them in to your app as lib/myplugin/* and config/initializers/myplugin.rb. See the release notes for more on this: http://weblog.rubyonrails.org/2012/1/4/rails-3-2-0-rc2-has-been-released. (called from <top (required)> at /app/config/environment.rb:5)
2015-06-16T21:10:38.742963+00:00 app[web.1]: Connecting to database specified by DATABASE_URL
2015-06-16T21:10:39.222210+00:00 app[web.1]: I, [2015-06-16T21:10:39.221974 #6]  INFO -- : worker=0 ready
2015-06-16T22:18:06.568695+00:00 app[web.1]: I, [2015-06-16T22:18:06.568579 #3]  INFO -- : master complete
2015-06-16T22:18:06.568497+00:00 app[web.1]: I, [2015-06-16T22:18:06.568325 #3]  INFO -- : reaped #<Process::Status: pid 6 exit 0> worker=0
2015-06-16T22:35:48.764955+00:00 app[web.1]: I, [2015-06-16T22:35:48.764797 #3]  INFO -- : listening on addr=0.0.0.0:34018 fd=9
2015-06-16T22:35:48.765069+00:00 app[web.1]: I, [2015-06-16T22:35:48.765016 #3]  INFO -- : worker=0 spawning...
2015-06-16T22:35:48.773365+00:00 app[web.1]: I, [2015-06-16T22:35:48.773192 #3]  INFO -- : master process ready
2015-06-16T22:35:48.774500+00:00 app[web.1]: I, [2015-06-16T22:35:48.774425 #6]  INFO -- : Refreshing Gem list
2015-06-16T22:35:48.774323+00:00 app[web.1]: I, [2015-06-16T22:35:48.774059 #6]  INFO -- : worker=0 spawned pid=6
2015-06-16T22:35:50.758251+00:00 app[web.1]: Google::APIClient - Please provide :application_name and :application_version when initializing the client
2015-06-16T22:35:50.946889+00:00 app[web.1]: DEPRECATION WARNING: You have Rails 2.3-style plugins in vendor/plugins! Support for these plugins will be removed in Rails 4.0. Move them out and bundle them in your Gemfile, or fold them in to your app as lib/myplugin/* and config/initializers/myplugin.rb. See the release notes for more on this: http://weblog.rubyonrails.org/2012/1/4/rails-3-2-0-rc2-has-been-released. (called from <top (required)> at /app/config/environment.rb:5)
2015-06-16T22:35:50.946564+00:00 app[web.1]: DEPRECATION WARNING: You have Rails 2.3-style plugins in vendor/plugins! Support for these plugins will be removed in Rails 4.0. Move them out and bundle them in your Gemfile, or fold them in to your app as lib/myplugin/* and config/initializers/myplugin.rb. See the release notes for more on this: http://weblog.rubyonrails.org/2012/1/4/rails-3-2-0-rc2-has-been-released. (called from <top (required)> at /app/config/environment.rb:5)
2015-06-16T22:35:54.683125+00:00 app[web.1]: Connecting to database specified by DATABASE_URL
2015-06-16T22:35:55.315259+00:00 app[web.1]: I, [2015-06-16T22:35:55.315113 #6]  INFO -- : worker=0 ready
2015-06-16T22:35:55.420085+00:00 app[web.1]: Processing by ClientController#home as HTML
2015-06-16T22:35:55.469684+00:00 app[web.1]: Completed 200 OK in 49ms (Views: 48.3ms | ActiveRecord: 0.0ms)
2015-06-16T22:35:55.479987+00:00 app[web.1]: Processing by ClientController#home as HTML
2015-06-16T22:35:55.482474+00:00 app[web.1]: Completed 200 OK in 2ms (Views: 2.1ms | ActiveRecord: 0.0ms)
2015-06-16T22:35:55.467188+00:00 app[web.1]:   Rendered client/home.html.erb within layouts/application (3.5ms)
2015-06-16T22:35:55.477046+00:00 app[web.1]: Started GET "/" for 46.185.154.183 at 2015-06-16 22:35:55 +0000
2015-06-16T22:35:55.480856+00:00 app[web.1]:   Rendered client/home.html.erb within layouts/application (0.0ms)
2015-06-16T22:35:55.351859+00:00 app[web.1]: Started GET "/" for 46.185.154.183 at 2015-06-16 22:35:55 +0000
2015-06-16T23:42:10.477684+00:00 app[web.1]: I, [2015-06-16T23:42:10.462765 #3]  INFO -- : reaped #<Process::Status: pid 6 exit 0> worker=0
2015-06-16T23:42:10.477920+00:00 app[web.1]: I, [2015-06-16T23:42:10.477821 #3]  INFO -- : master complete
2015-06-17T00:00:43.677585+00:00 app[web.1]: I, [2015-06-17T00:00:43.677444 #3]  INFO -- : listening on addr=0.0.0.0:26188 fd=9
2015-06-17T00:00:43.677700+00:00 app[web.1]: I, [2015-06-17T00:00:43.677648 #3]  INFO -- : worker=0 spawning...
2015-06-17T00:00:43.684413+00:00 app[web.1]: I, [2015-06-17T00:00:43.684274 #3]  INFO -- : master process ready
2015-06-17T00:00:43.685709+00:00 app[web.1]: I, [2015-06-17T00:00:43.685618 #6]  INFO -- : Refreshing Gem list
2015-06-17T00:00:43.685545+00:00 app[web.1]: I, [2015-06-17T00:00:43.685246 #6]  INFO -- : worker=0 spawned pid=6
2015-06-17T00:00:45.008977+00:00 app[web.1]: Google::APIClient - Please provide :application_name and :application_version when initializing the client
2015-06-17T00:00:45.117109+00:00 app[web.1]: DEPRECATION WARNING: You have Rails 2.3-style plugins in vendor/plugins! Support for these plugins will be removed in Rails 4.0. Move them out and bundle them in your Gemfile, or fold them in to your app as lib/myplugin/* and config/initializers/myplugin.rb. See the release notes for more on this: http://weblog.rubyonrails.org/2012/1/4/rails-3-2-0-rc2-has-been-released. (called from <top (required)> at /app/config/environment.rb:5)
2015-06-17T00:00:45.116828+00:00 app[web.1]: DEPRECATION WARNING: You have Rails 2.3-style plugins in vendor/plugins! Support for these plugins will be removed in Rails 4.0. Move them out and bundle them in your Gemfile, or fold them in to your app as lib/myplugin/* and config/initializers/myplugin.rb. See the release notes for more on this: http://weblog.rubyonrails.org/2012/1/4/rails-3-2-0-rc2-has-been-released. (called from <top (required)> at /app/config/environment.rb:5)
2015-06-17T00:00:47.231578+00:00 app[web.1]: Connecting to database specified by DATABASE_URL
2015-06-17T00:00:47.718986+00:00 app[web.1]: Processing by ClientController#home as HTML
2015-06-17T00:00:47.641527+00:00 app[web.1]: I, [2015-06-17T00:00:47.641402 #6]  INFO -- : worker=0 ready
2015-06-17T00:00:47.759047+00:00 app[web.1]: Completed 200 OK in 40ms (Views: 39.5ms | ActiveRecord: 0.0ms)
2015-06-17T00:00:47.671179+00:00 app[web.1]: Started GET "/" for 138.51.122.175 at 2015-06-17 00:00:47 +0000
2015-06-17T00:00:47.756895+00:00 app[web.1]:   Rendered client/home.html.erb within layouts/application (2.8ms)
2015-06-17T00:00:53.913071+00:00 app[web.1]: Started GET "/api/packages" for 138.51.122.175 at 2015-06-17 00:00:53 +0000
2015-06-17T00:00:53.917079+00:00 app[web.1]: Processing by Api::Admin::PackagesController#index as JSON
2015-06-17T00:00:54.263581+00:00 app[web.1]: Completed 200 OK in 346ms (Views: 21.2ms | ActiveRecord: 29.0ms)
2015-06-17T00:03:58.287579+00:00 app[web.1]: Started GET "/register" for 138.51.122.175 at 2015-06-17 00:03:58 +0000
2015-06-17T00:03:58.294574+00:00 app[web.1]: Completed 200 OK in 2ms (Views: 1.8ms | ActiveRecord: 0.0ms)
2015-06-17T00:03:58.292464+00:00 app[web.1]: Processing by ClientController#home as HTML
2015-06-17T00:03:58.293178+00:00 app[web.1]:   Rendered client/home.html.erb within layouts/application (0.0ms)
2015-06-17T00:03:58.292489+00:00 app[web.1]:   Parameters: {"path"=>"register"}
2015-06-17T00:03:59.105463+00:00 app[web.1]: Started GET "/api/packages" for 138.51.122.175 at 2015-06-17 00:03:59 +0000
2015-06-17T00:03:59.224617+00:00 app[web.1]: Completed 200 OK in 116ms (Views: 7.7ms | ActiveRecord: 3.1ms)
2015-06-17T00:03:59.108647+00:00 app[web.1]: Processing by Api::Admin::PackagesController#index as JSON
