./models/leedur.rb:#  leedurbus                      :boolean
./models/leedur.rb:#  fweekbus                       :boolean
./models/leedur.rb:                  :confirmation_token, :verified, :bus,
./models/leedur.rb:  validates :leedurbus, :fweekbus, inclusion: { in: [true, false] }
./assets/javascripts/controllers/leedur_controller.js:          leedurbus: content.get('leedurbus') || false,
./assets/javascripts/controllers/leedur_controller.js:          fweekbus: content.get('fweekbus')
./assets/javascripts/models/leedur.js:  leedurbus: DS.attr('boolean'),
./assets/javascripts/models/leedur.js:  fweekbus: DS.attr('boolean'),
./assets/javascripts/models/leedur.js:    'leedurbus',              // boolean
./assets/javascripts/models/leedur.js:    'fweekbus',               // boolean
./assets/javascripts/models/leedur.js:  'leedurbus': function(model, query) {
./assets/javascripts/models/leedur.js:    var bus = model.get('leedurbus');
./assets/javascripts/models/leedur.js:    return (bus && queryTrue) || (!bus && queryFalse);
./assets/javascripts/models/leedur.js:  'fweekbus': function(model, query) {
./assets/javascripts/models/leedur.js:    var bus = model.get('fweekbus');
./assets/javascripts/models/leedur.js:    return (bus && queryTrue) || (!bus && queryFalse);
./assets/javascripts/templates/schedule.hbs:                                            great way to relax before the busy school year starts and and a place where memories are definitely made.
./assets/javascripts/templates/schedule.hbs:                                            great way to relax before the busy school year starts and and a place where memories are definitely made.
./assets/javascripts/templates/admin/leedur_element.hbs:                <p>Leedur: <i {{bindAttr class="leedur.leedurbus:icon-ok:icon-remove"}}></i>
./assets/javascripts/templates/admin/leedur_element.hbs:                <p>Fweek: <i {{bindAttr class="leedur.fweekbus:icon-ok:icon-remove"}}></i>
./assets/javascripts/templates/leedur.hbs:                Will you be taking the SKULE&trade; Express on Platform 9&frac34; (Skule bus)? 
./assets/javascripts/templates/leedur.hbs:            {{#input leedurbus}}
./assets/javascripts/templates/leedur.hbs:                {{inputField leedurbus as=checkbox}}{{labelField leedurbus text=" "}}
./assets/javascripts/templates/leedur.hbs:            {{#input fweekbus}}
./assets/javascripts/templates/leedur.hbs:                {{inputField fweekbus as=checkbox}}{{labelField fweekbus text="abc"}}
